[2026-03-17 00:49:32] [health] monitor started prefix=night2 check=120s stall=20m
[2026-03-17 00:49:32] [health] waiting metrics tokenizer=bpe_8k run_id=night2_bpe_8k
[2026-03-17 00:51:32] [health] waiting metrics tokenizer=bpe_8k run_id=night2_bpe_8k
[2026-03-17 00:53:32] [health] baseline step=168 tokenizer=bpe_8k run_id=night2_bpe_8k
[2026-03-17 00:55:32] [health] progress step=370 tokenizer=bpe_8k run_id=night2_bpe_8k
[2026-03-17 00:57:32] [health] progress step=556 tokenizer=bpe_8k run_id=night2_bpe_8k
[2026-03-17 00:59:32] [health] progress step=757 tokenizer=bpe_8k run_id=night2_bpe_8k
[2026-03-17 01:01:32] [health] progress step=957 tokenizer=bpe_8k run_id=night2_bpe_8k
[2026-03-17 01:03:32] [health] progress step=1142 tokenizer=bpe_8k run_id=night2_bpe_8k
[2026-03-17 01:05:32] [health] progress step=1343 tokenizer=bpe_8k run_id=night2_bpe_8k
[2026-03-17 01:07:32] [health] progress step=1528 tokenizer=bpe_8k run_id=night2_bpe_8k
[2026-03-17 01:09:32] [health] progress step=1728 tokenizer=bpe_8k run_id=night2_bpe_8k
[2026-03-17 01:11:32] [health] progress step=1929 tokenizer=bpe_8k run_id=night2_bpe_8k
[2026-03-17 01:13:32] [health] progress step=2113 tokenizer=bpe_8k run_id=night2_bpe_8k
[2026-03-17 01:15:33] [health] progress step=2313 tokenizer=bpe_8k run_id=night2_bpe_8k
[2026-03-17 01:17:33] [health] progress step=2499 tokenizer=bpe_8k run_id=night2_bpe_8k
[2026-03-17 01:19:33] [health] progress step=2698 tokenizer=bpe_8k run_id=night2_bpe_8k
[2026-03-17 01:21:33] [health] progress step=2898 tokenizer=bpe_8k run_id=night2_bpe_8k
[2026-03-17 01:23:33] [health] progress step=3083 tokenizer=bpe_8k run_id=night2_bpe_8k
[2026-03-17 01:25:33] [health] progress step=3283 tokenizer=bpe_8k run_id=night2_bpe_8k
[2026-03-17 01:27:33] [health] progress step=3483 tokenizer=bpe_8k run_id=night2_bpe_8k
[2026-03-17 01:29:33] [health] progress step=3668 tokenizer=bpe_8k run_id=night2_bpe_8k
[2026-03-17 01:31:33] [health] progress step=3868 tokenizer=bpe_8k run_id=night2_bpe_8k
[2026-03-17 01:33:33] [health] progress step=4052 tokenizer=bpe_8k run_id=night2_bpe_8k
[2026-03-17 01:35:33] [health] progress step=4252 tokenizer=bpe_8k run_id=night2_bpe_8k
[2026-03-17 01:37:33] [health] progress step=4452 tokenizer=bpe_8k run_id=night2_bpe_8k
[2026-03-17 01:39:33] [health] progress step=4636 tokenizer=bpe_8k run_id=night2_bpe_8k
[2026-03-17 01:41:33] [health] progress step=4836 tokenizer=bpe_8k run_id=night2_bpe_8k
[2026-03-17 01:43:33] [health] progress step=5017 tokenizer=bpe_8k run_id=night2_bpe_8k
[2026-03-17 01:45:33] [health] progress step=5220 tokenizer=bpe_8k run_id=night2_bpe_8k
[2026-03-17 01:47:33] [health] progress step=5423 tokenizer=bpe_8k run_id=night2_bpe_8k
[2026-03-17 01:49:33] [health] progress step=5608 tokenizer=bpe_8k run_id=night2_bpe_8k
[2026-03-17 01:51:33] [health] progress step=5808 tokenizer=bpe_8k run_id=night2_bpe_8k
[2026-03-17 01:53:33] [health] progress step=5999 tokenizer=bpe_8k run_id=night2_bpe_8k
[2026-03-17 01:55:33] [health] progress step=6192 tokenizer=bpe_8k run_id=night2_bpe_8k
[2026-03-17 01:57:33] [health] progress step=6392 tokenizer=bpe_8k run_id=night2_bpe_8k
[2026-03-17 01:59:33] [health] progress step=6577 tokenizer=bpe_8k run_id=night2_bpe_8k
[2026-03-17 02:01:33] [health] progress step=6777 tokenizer=bpe_8k run_id=night2_bpe_8k
[2026-03-17 02:03:33] [health] progress step=6977 tokenizer=bpe_8k run_id=night2_bpe_8k
[2026-03-17 02:05:33] [health] progress step=7161 tokenizer=bpe_8k run_id=night2_bpe_8k
[2026-03-17 02:07:33] [health] progress step=7361 tokenizer=bpe_8k run_id=night2_bpe_8k
[2026-03-17 02:09:33] [health] progress step=7545 tokenizer=bpe_8k run_id=night2_bpe_8k
[2026-03-17 02:11:33] [health] progress step=7745 tokenizer=bpe_8k run_id=night2_bpe_8k
[2026-03-17 02:13:33] [health] progress step=7945 tokenizer=bpe_8k run_id=night2_bpe_8k
[2026-03-17 02:15:33] [health] progress step=8129 tokenizer=bpe_8k run_id=night2_bpe_8k
[2026-03-17 02:17:33] [health] progress step=8329 tokenizer=bpe_8k run_id=night2_bpe_8k
[2026-03-17 02:19:33] [health] progress step=8513 tokenizer=bpe_8k run_id=night2_bpe_8k
[2026-03-17 02:21:34] [health] progress step=8713 tokenizer=bpe_8k run_id=night2_bpe_8k
[2026-03-17 02:23:34] [health] progress step=8913 tokenizer=bpe_8k run_id=night2_bpe_8k
[2026-03-17 02:25:34] [health] progress step=9097 tokenizer=bpe_8k run_id=night2_bpe_8k
[2026-03-17 02:27:34] [health] progress step=9297 tokenizer=bpe_8k run_id=night2_bpe_8k
[2026-03-17 02:29:34] [health] progress step=9497 tokenizer=bpe_8k run_id=night2_bpe_8k
[2026-03-17 02:31:34] [health] progress step=9681 tokenizer=bpe_8k run_id=night2_bpe_8k
[2026-03-17 02:33:34] [health] progress step=9881 tokenizer=bpe_8k run_id=night2_bpe_8k
[2026-03-17 02:35:34] [health] progress step=10062 tokenizer=bpe_8k run_id=night2_bpe_8k
[2026-03-17 02:37:34] [health] progress step=10265 tokenizer=bpe_8k run_id=night2_bpe_8k
[2026-03-17 02:39:34] [health] progress step=10467 tokenizer=bpe_8k run_id=night2_bpe_8k
[2026-03-17 02:41:34] [health] progress step=10651 tokenizer=bpe_8k run_id=night2_bpe_8k
[2026-03-17 02:43:34] [health] progress step=10851 tokenizer=bpe_8k run_id=night2_bpe_8k
[2026-03-17 02:45:34] [health] progress step=11036 tokenizer=bpe_8k run_id=night2_bpe_8k
[2026-03-17 02:47:34] [health] progress step=11235 tokenizer=bpe_8k run_id=night2_bpe_8k
[2026-03-17 02:49:34] [health] progress step=11435 tokenizer=bpe_8k run_id=night2_bpe_8k
[2026-03-17 02:51:34] [health] progress step=11619 tokenizer=bpe_8k run_id=night2_bpe_8k
[2026-03-17 02:53:34] [health] progress step=11819 tokenizer=bpe_8k run_id=night2_bpe_8k
[2026-03-17 02:55:34] [health] progress step=12003 tokenizer=bpe_8k run_id=night2_bpe_8k
[2026-03-17 02:57:34] [health] progress step=12203 tokenizer=bpe_8k run_id=night2_bpe_8k
[2026-03-17 02:59:34] [health] progress step=12403 tokenizer=bpe_8k run_id=night2_bpe_8k
[2026-03-17 03:01:34] [health] waiting metrics tokenizer=morph_bpe_16k run_id=night2_morph_bpe_16k
[2026-03-17 03:03:34] [health] progress step=46 tokenizer=morph_bpe_16k run_id=night2_morph_bpe_16k
[2026-03-17 03:05:34] [health] progress step=236 tokenizer=morph_bpe_16k run_id=night2_morph_bpe_16k
[2026-03-17 03:07:34] [health] progress step=424 tokenizer=morph_bpe_16k run_id=night2_morph_bpe_16k
[2026-03-17 03:09:34] [health] progress step=604 tokenizer=morph_bpe_16k run_id=night2_morph_bpe_16k
[2026-03-17 03:11:34] [health] progress step=792 tokenizer=morph_bpe_16k run_id=night2_morph_bpe_16k
[2026-03-17 03:13:34] [health] progress step=980 tokenizer=morph_bpe_16k run_id=night2_morph_bpe_16k
[2026-03-17 03:15:34] [health] progress step=1159 tokenizer=morph_bpe_16k run_id=night2_morph_bpe_16k
[2026-03-17 03:17:34] [health] progress step=1347 tokenizer=morph_bpe_16k run_id=night2_morph_bpe_16k
[2026-03-17 03:19:34] [health] progress step=1526 tokenizer=morph_bpe_16k run_id=night2_morph_bpe_16k
[2026-03-17 03:21:34] [health] progress step=1713 tokenizer=morph_bpe_16k run_id=night2_morph_bpe_16k
[2026-03-17 03:23:34] [health] progress step=1901 tokenizer=morph_bpe_16k run_id=night2_morph_bpe_16k
[2026-03-17 03:25:34] [health] progress step=2080 tokenizer=morph_bpe_16k run_id=night2_morph_bpe_16k
[2026-03-17 03:27:34] [health] progress step=2268 tokenizer=morph_bpe_16k run_id=night2_morph_bpe_16k
[2026-03-17 03:29:34] [health] progress step=2456 tokenizer=morph_bpe_16k run_id=night2_morph_bpe_16k
[2026-03-17 03:31:35] [health] progress step=2635 tokenizer=morph_bpe_16k run_id=night2_morph_bpe_16k
[2026-03-17 03:33:35] [health] progress step=2823 tokenizer=morph_bpe_16k run_id=night2_morph_bpe_16k
[2026-03-17 03:35:35] [health] progress step=3002 tokenizer=morph_bpe_16k run_id=night2_morph_bpe_16k
[2026-03-17 03:37:35] [health] progress step=3190 tokenizer=morph_bpe_16k run_id=night2_morph_bpe_16k
[2026-03-17 03:39:35] [health] progress step=3377 tokenizer=morph_bpe_16k run_id=night2_morph_bpe_16k
[2026-03-17 03:41:35] [health] progress step=3556 tokenizer=morph_bpe_16k run_id=night2_morph_bpe_16k
[2026-03-17 03:43:35] [health] progress step=3744 tokenizer=morph_bpe_16k run_id=night2_morph_bpe_16k
[2026-03-17 03:45:35] [health] progress step=3932 tokenizer=morph_bpe_16k run_id=night2_morph_bpe_16k
[2026-03-17 03:47:35] [health] progress step=4111 tokenizer=morph_bpe_16k run_id=night2_morph_bpe_16k
[2026-03-17 03:49:35] [health] progress step=4298 tokenizer=morph_bpe_16k run_id=night2_morph_bpe_16k
[2026-03-17 03:51:35] [health] progress step=4486 tokenizer=morph_bpe_16k run_id=night2_morph_bpe_16k
[2026-03-17 03:53:35] [health] progress step=4665 tokenizer=morph_bpe_16k run_id=night2_morph_bpe_16k
[2026-03-17 03:55:35] [health] progress step=4852 tokenizer=morph_bpe_16k run_id=night2_morph_bpe_16k
[2026-03-17 03:57:35] [health] progress step=5028 tokenizer=morph_bpe_16k run_id=night2_morph_bpe_16k
[2026-03-17 03:59:35] [health] progress step=5218 tokenizer=morph_bpe_16k run_id=night2_morph_bpe_16k
[2026-03-17 04:01:35] [health] progress step=5407 tokenizer=morph_bpe_16k run_id=night2_morph_bpe_16k
[2026-03-17 04:03:35] [health] progress step=5588 tokenizer=morph_bpe_16k run_id=night2_morph_bpe_16k
[2026-03-17 04:05:35] [health] progress step=5775 tokenizer=morph_bpe_16k run_id=night2_morph_bpe_16k
[2026-03-17 04:07:35] [health] progress step=5963 tokenizer=morph_bpe_16k run_id=night2_morph_bpe_16k
[2026-03-17 04:09:35] [health] progress step=6142 tokenizer=morph_bpe_16k run_id=night2_morph_bpe_16k
[2026-03-17 04:11:35] [health] progress step=6329 tokenizer=morph_bpe_16k run_id=night2_morph_bpe_16k
[2026-03-17 04:13:35] [health] progress step=6508 tokenizer=morph_bpe_16k run_id=night2_morph_bpe_16k
[2026-03-17 04:15:35] [health] progress step=6696 tokenizer=morph_bpe_16k run_id=night2_morph_bpe_16k
[2026-03-17 04:17:35] [health] progress step=6884 tokenizer=morph_bpe_16k run_id=night2_morph_bpe_16k
[2026-03-17 04:19:35] [health] progress step=7063 tokenizer=morph_bpe_16k run_id=night2_morph_bpe_16k
[2026-03-17 04:21:35] [health] progress step=7251 tokenizer=morph_bpe_16k run_id=night2_morph_bpe_16k
[2026-03-17 04:23:35] [health] progress step=7438 tokenizer=morph_bpe_16k run_id=night2_morph_bpe_16k
[2026-03-17 04:25:35] [health] progress step=7617 tokenizer=morph_bpe_16k run_id=night2_morph_bpe_16k
[2026-03-17 04:27:35] [health] progress step=7805 tokenizer=morph_bpe_16k run_id=night2_morph_bpe_16k
[2026-03-17 04:29:35] [health] progress step=7992 tokenizer=morph_bpe_16k run_id=night2_morph_bpe_16k
[2026-03-17 04:31:35] [health] progress step=8171 tokenizer=morph_bpe_16k run_id=night2_morph_bpe_16k
[2026-03-17 04:33:35] [health] progress step=8358 tokenizer=morph_bpe_16k run_id=night2_morph_bpe_16k
[2026-03-17 04:35:35] [health] progress step=8537 tokenizer=morph_bpe_16k run_id=night2_morph_bpe_16k
[2026-03-17 04:37:36] [health] progress step=8725 tokenizer=morph_bpe_16k run_id=night2_morph_bpe_16k
[2026-03-17 04:39:36] [health] progress step=8913 tokenizer=morph_bpe_16k run_id=night2_morph_bpe_16k
[2026-03-17 04:41:36] [health] progress step=9092 tokenizer=morph_bpe_16k run_id=night2_morph_bpe_16k
[2026-03-17 04:43:36] [health] progress step=9279 tokenizer=morph_bpe_16k run_id=night2_morph_bpe_16k
[2026-03-17 04:45:36] [health] progress step=9467 tokenizer=morph_bpe_16k run_id=night2_morph_bpe_16k
[2026-03-17 04:47:36] [health] progress step=9646 tokenizer=morph_bpe_16k run_id=night2_morph_bpe_16k
[2026-03-17 04:49:36] [health] progress step=9834 tokenizer=morph_bpe_16k run_id=night2_morph_bpe_16k
[2026-03-17 04:51:36] [health] progress step=10009 tokenizer=morph_bpe_16k run_id=night2_morph_bpe_16k
[2026-03-17 04:53:36] [health] progress step=10198 tokenizer=morph_bpe_16k run_id=night2_morph_bpe_16k
[2026-03-17 04:55:36] [health] progress step=10388 tokenizer=morph_bpe_16k run_id=night2_morph_bpe_16k
[2026-03-17 04:57:36] [health] progress step=10568 tokenizer=morph_bpe_16k run_id=night2_morph_bpe_16k
[2026-03-17 04:59:36] [health] progress step=10755 tokenizer=morph_bpe_16k run_id=night2_morph_bpe_16k
[2026-03-17 05:01:36] [health] progress step=10943 tokenizer=morph_bpe_16k run_id=night2_morph_bpe_16k
[2026-03-17 05:03:36] [health] progress step=11122 tokenizer=morph_bpe_16k run_id=night2_morph_bpe_16k
[2026-03-17 05:05:36] [health] progress step=11309 tokenizer=morph_bpe_16k run_id=night2_morph_bpe_16k
[2026-03-17 05:07:36] [health] progress step=11497 tokenizer=morph_bpe_16k run_id=night2_morph_bpe_16k
[2026-03-17 05:09:36] [health] progress step=11676 tokenizer=morph_bpe_16k run_id=night2_morph_bpe_16k
[2026-03-17 05:11:36] [health] progress step=11864 tokenizer=morph_bpe_16k run_id=night2_morph_bpe_16k
[2026-03-17 05:13:36] [health] progress step=12043 tokenizer=morph_bpe_16k run_id=night2_morph_bpe_16k
[2026-03-17 05:15:36] [health] progress step=12230 tokenizer=morph_bpe_16k run_id=night2_morph_bpe_16k
[2026-03-17 05:17:36] [health] progress step=12417 tokenizer=morph_bpe_16k run_id=night2_morph_bpe_16k
[2026-03-17 05:19:36] [health] waiting metrics tokenizer=char run_id=night2_char
[2026-03-17 05:21:36] [health] progress step=172 tokenizer=char run_id=night2_char
[2026-03-17 05:23:36] [health] progress step=441 tokenizer=char run_id=night2_char
[2026-03-17 05:25:36] [health] progress step=705 tokenizer=char run_id=night2_char
[2026-03-17 05:27:36] [health] progress step=974 tokenizer=char run_id=night2_char
[2026-03-17 05:29:36] [health] progress step=1237 tokenizer=char run_id=night2_char
[2026-03-17 05:31:36] [health] progress step=1501 tokenizer=char run_id=night2_char
[2026-03-17 05:33:36] [health] progress step=1769 tokenizer=char run_id=night2_char
[2026-03-17 05:35:36] [health] progress step=2029 tokenizer=char run_id=night2_char
[2026-03-17 05:37:36] [health] progress step=2290 tokenizer=char run_id=night2_char
[2026-03-17 05:39:36] [health] progress step=2540 tokenizer=char run_id=night2_char
[2026-03-17 05:41:37] [health] progress step=2790 tokenizer=char run_id=night2_char
[2026-03-17 05:43:37] [health] progress step=3040 tokenizer=char run_id=night2_char
[2026-03-17 05:45:37] [health] progress step=3298 tokenizer=char run_id=night2_char
[2026-03-17 05:47:37] [health] progress step=3550 tokenizer=char run_id=night2_char
[2026-03-17 05:49:37] [health] progress step=3790 tokenizer=char run_id=night2_char
[2026-03-17 05:51:37] [health] progress step=4023 tokenizer=char run_id=night2_char
[2026-03-17 05:53:37] [health] progress step=4253 tokenizer=char run_id=night2_char
[2026-03-17 05:55:37] [health] progress step=4489 tokenizer=char run_id=night2_char
[2026-03-17 05:57:37] [health] progress step=4747 tokenizer=char run_id=night2_char
[2026-03-17 05:59:37] [health] progress step=5001 tokenizer=char run_id=night2_char
[2026-03-17 06:01:37] [health] progress step=5264 tokenizer=char run_id=night2_char
[2026-03-17 06:03:37] [health] progress step=5525 tokenizer=char run_id=night2_char
[2026-03-17 06:05:37] [health] progress step=5790 tokenizer=char run_id=night2_char
[2026-03-17 06:07:37] [health] progress step=6051 tokenizer=char run_id=night2_char
[2026-03-17 06:09:37] [health] progress step=6316 tokenizer=char run_id=night2_char
[2026-03-17 06:11:37] [health] progress step=6575 tokenizer=char run_id=night2_char
[2026-03-17 06:13:37] [health] progress step=6839 tokenizer=char run_id=night2_char
[2026-03-17 06:15:37] [health] progress step=7095 tokenizer=char run_id=night2_char
[2026-03-17 06:17:37] [health] progress step=7357 tokenizer=char run_id=night2_char
[2026-03-17 06:19:37] [health] queue completed, monitor exiting
