[2026-03-16 10:50:45] [health] monitor started prefix=night1 check=120s stall=20m
[2026-03-16 10:50:45] [health] baseline step=300 tokenizer=bpe_16k run_id=night1_bpe_16k
[2026-03-16 10:52:45] [health] progress step=476 tokenizer=bpe_16k run_id=night1_bpe_16k
[2026-03-16 10:54:45] [health] progress step=636 tokenizer=bpe_16k run_id=night1_bpe_16k
[2026-03-16 10:56:45] [health] progress step=813 tokenizer=bpe_16k run_id=night1_bpe_16k
[2026-03-16 10:58:45] [health] progress step=989 tokenizer=bpe_16k run_id=night1_bpe_16k
[2026-03-16 11:00:45] [health] progress step=1150 tokenizer=bpe_16k run_id=night1_bpe_16k
[2026-03-16 11:02:45] [health] progress step=1326 tokenizer=bpe_16k run_id=night1_bpe_16k
[2026-03-16 11:04:45] [health] progress step=1499 tokenizer=bpe_16k run_id=night1_bpe_16k
[2026-03-16 11:06:45] [health] progress step=1663 tokenizer=bpe_16k run_id=night1_bpe_16k
[2026-03-16 11:08:45] [health] progress step=1839 tokenizer=bpe_16k run_id=night1_bpe_16k
[2026-03-16 11:10:45] [health] progress step=1999 tokenizer=bpe_16k run_id=night1_bpe_16k
[2026-03-16 11:12:45] [health] progress step=2175 tokenizer=bpe_16k run_id=night1_bpe_16k
[2026-03-16 11:14:45] [health] progress step=2351 tokenizer=bpe_16k run_id=night1_bpe_16k
[2026-03-16 11:16:45] [health] progress step=2511 tokenizer=bpe_16k run_id=night1_bpe_16k
[2026-03-16 11:18:45] [health] progress step=2687 tokenizer=bpe_16k run_id=night1_bpe_16k
[2026-03-16 11:20:45] [health] progress step=2863 tokenizer=bpe_16k run_id=night1_bpe_16k
[2026-03-16 11:22:45] [health] progress step=3023 tokenizer=bpe_16k run_id=night1_bpe_16k
[2026-03-16 11:24:45] [health] progress step=3199 tokenizer=bpe_16k run_id=night1_bpe_16k
[2026-03-16 11:26:45] [health] progress step=3375 tokenizer=bpe_16k run_id=night1_bpe_16k
[2026-03-16 11:28:45] [health] progress step=3535 tokenizer=bpe_16k run_id=night1_bpe_16k
[2026-03-16 11:30:45] [health] progress step=3711 tokenizer=bpe_16k run_id=night1_bpe_16k
[2026-03-16 11:32:45] [health] progress step=3887 tokenizer=bpe_16k run_id=night1_bpe_16k
[2026-03-16 11:34:45] [health] progress step=4047 tokenizer=bpe_16k run_id=night1_bpe_16k
[2026-03-16 11:36:45] [health] progress step=4223 tokenizer=bpe_16k run_id=night1_bpe_16k
[2026-03-16 11:38:45] [health] progress step=4399 tokenizer=bpe_16k run_id=night1_bpe_16k
[2026-03-16 11:40:45] [health] progress step=4559 tokenizer=bpe_16k run_id=night1_bpe_16k
[2026-03-16 11:42:45] [health] progress step=4734 tokenizer=bpe_16k run_id=night1_bpe_16k
[2026-03-16 11:44:45] [health] progress step=4910 tokenizer=bpe_16k run_id=night1_bpe_16k
[2026-03-16 11:46:45] [health] progress step=5067 tokenizer=bpe_16k run_id=night1_bpe_16k
[2026-03-16 11:48:45] [health] progress step=5245 tokenizer=bpe_16k run_id=night1_bpe_16k
[2026-03-16 11:50:45] [health] progress step=5423 tokenizer=bpe_16k run_id=night1_bpe_16k
[2026-03-16 11:52:45] [health] progress step=5584 tokenizer=bpe_16k run_id=night1_bpe_16k
[2026-03-16 11:54:45] [health] progress step=5760 tokenizer=bpe_16k run_id=night1_bpe_16k
[2026-03-16 11:56:45] [health] progress step=5936 tokenizer=bpe_16k run_id=night1_bpe_16k
[2026-03-16 11:58:45] [health] progress step=6096 tokenizer=bpe_16k run_id=night1_bpe_16k
[2026-03-16 12:00:45] [health] progress step=6271 tokenizer=bpe_16k run_id=night1_bpe_16k
[2026-03-16 12:02:45] [health] progress step=6447 tokenizer=bpe_16k run_id=night1_bpe_16k
[2026-03-16 12:04:45] [health] progress step=6607 tokenizer=bpe_16k run_id=night1_bpe_16k
[2026-03-16 12:06:45] [health] progress step=6783 tokenizer=bpe_16k run_id=night1_bpe_16k
[2026-03-16 12:08:45] [health] progress step=6958 tokenizer=bpe_16k run_id=night1_bpe_16k
[2026-03-16 12:10:45] [health] progress step=7118 tokenizer=bpe_16k run_id=night1_bpe_16k
[2026-03-16 12:12:45] [health] progress step=7294 tokenizer=bpe_16k run_id=night1_bpe_16k
[2026-03-16 12:14:45] [health] progress step=7470 tokenizer=bpe_16k run_id=night1_bpe_16k
[2026-03-16 12:16:45] [health] progress step=7630 tokenizer=bpe_16k run_id=night1_bpe_16k
[2026-03-16 12:18:45] [health] progress step=7806 tokenizer=bpe_16k run_id=night1_bpe_16k
[2026-03-16 12:20:45] [health] progress step=7982 tokenizer=bpe_16k run_id=night1_bpe_16k
[2026-03-16 12:22:45] [health] progress step=8142 tokenizer=bpe_16k run_id=night1_bpe_16k
[2026-03-16 12:24:45] [health] progress step=8317 tokenizer=bpe_16k run_id=night1_bpe_16k
[2026-03-16 12:26:45] [health] progress step=8493 tokenizer=bpe_16k run_id=night1_bpe_16k
[2026-03-16 12:28:45] [health] progress step=8653 tokenizer=bpe_16k run_id=night1_bpe_16k
[2026-03-16 12:30:45] [health] progress step=8829 tokenizer=bpe_16k run_id=night1_bpe_16k
[2026-03-16 12:32:45] [health] progress step=8999 tokenizer=bpe_16k run_id=night1_bpe_16k
[2026-03-16 12:34:45] [health] progress step=9164 tokenizer=bpe_16k run_id=night1_bpe_16k
[2026-03-16 12:36:45] [health] progress step=9340 tokenizer=bpe_16k run_id=night1_bpe_16k
[2026-03-16 12:38:45] [health] progress step=9500 tokenizer=bpe_16k run_id=night1_bpe_16k
[2026-03-16 12:40:45] [health] progress step=9675 tokenizer=bpe_16k run_id=night1_bpe_16k
[2026-03-16 12:42:45] [health] progress step=9851 tokenizer=bpe_16k run_id=night1_bpe_16k
[2026-03-16 12:44:45] [health] progress step=10006 tokenizer=bpe_16k run_id=night1_bpe_16k
[2026-03-16 12:46:45] [health] progress step=10184 tokenizer=bpe_16k run_id=night1_bpe_16k
[2026-03-16 12:48:45] [health] progress step=10361 tokenizer=bpe_16k run_id=night1_bpe_16k
[2026-03-16 12:50:46] [health] progress step=10523 tokenizer=bpe_16k run_id=night1_bpe_16k
[2026-03-16 12:52:46] [health] progress step=10698 tokenizer=bpe_16k run_id=night1_bpe_16k
[2026-03-16 12:54:46] [health] progress step=10873 tokenizer=bpe_16k run_id=night1_bpe_16k
[2026-03-16 12:56:46] [health] progress step=11033 tokenizer=bpe_16k run_id=night1_bpe_16k
[2026-03-16 12:58:46] [health] progress step=11208 tokenizer=bpe_16k run_id=night1_bpe_16k
[2026-03-16 13:00:46] [health] progress step=11384 tokenizer=bpe_16k run_id=night1_bpe_16k
[2026-03-16 13:02:46] [health] progress step=11544 tokenizer=bpe_16k run_id=night1_bpe_16k
[2026-03-16 13:04:46] [health] progress step=11719 tokenizer=bpe_16k run_id=night1_bpe_16k
[2026-03-16 13:06:46] [health] progress step=11895 tokenizer=bpe_16k run_id=night1_bpe_16k
[2026-03-16 13:08:46] [health] progress step=12054 tokenizer=bpe_16k run_id=night1_bpe_16k
[2026-03-16 13:10:46] [health] progress step=12229 tokenizer=bpe_16k run_id=night1_bpe_16k
[2026-03-16 13:12:46] [health] progress step=12405 tokenizer=bpe_16k run_id=night1_bpe_16k
[2026-03-16 13:14:46] [health] progress step=12565 tokenizer=bpe_16k run_id=night1_bpe_16k
[2026-03-16 13:16:46] [health] progress step=12740 tokenizer=bpe_16k run_id=night1_bpe_16k
[2026-03-16 13:18:46] [health] progress step=12915 tokenizer=bpe_16k run_id=night1_bpe_16k
[2026-03-16 13:20:46] [health] progress step=13075 tokenizer=bpe_16k run_id=night1_bpe_16k
[2026-03-16 13:22:46] [health] progress step=13251 tokenizer=bpe_16k run_id=night1_bpe_16k
[2026-03-16 13:24:46] [health] progress step=13426 tokenizer=bpe_16k run_id=night1_bpe_16k
[2026-03-16 13:26:46] [health] progress step=13586 tokenizer=bpe_16k run_id=night1_bpe_16k
[2026-03-16 13:28:46] [health] progress step=13761 tokenizer=bpe_16k run_id=night1_bpe_16k
[2026-03-16 13:30:46] [health] progress step=13937 tokenizer=bpe_16k run_id=night1_bpe_16k
[2026-03-16 13:32:46] [health] progress step=14096 tokenizer=bpe_16k run_id=night1_bpe_16k
[2026-03-16 13:34:46] [health] progress step=14272 tokenizer=bpe_16k run_id=night1_bpe_16k
[2026-03-16 13:36:46] [health] progress step=14447 tokenizer=bpe_16k run_id=night1_bpe_16k
[2026-03-16 13:38:46] [health] progress step=14607 tokenizer=bpe_16k run_id=night1_bpe_16k
[2026-03-16 13:40:46] [health] progress step=14783 tokenizer=bpe_16k run_id=night1_bpe_16k
[2026-03-16 13:42:46] [health] progress step=14958 tokenizer=bpe_16k run_id=night1_bpe_16k
[2026-03-16 13:44:46] [health] progress step=15115 tokenizer=bpe_16k run_id=night1_bpe_16k
[2026-03-16 13:46:46] [health] progress step=15292 tokenizer=bpe_16k run_id=night1_bpe_16k
[2026-03-16 13:48:46] [health] progress step=15470 tokenizer=bpe_16k run_id=night1_bpe_16k
[2026-03-16 13:50:46] [health] progress step=15630 tokenizer=bpe_16k run_id=night1_bpe_16k
[2026-03-16 13:52:46] [health] progress step=15805 tokenizer=bpe_16k run_id=night1_bpe_16k
[2026-03-16 13:54:46] [health] progress step=15980 tokenizer=bpe_16k run_id=night1_bpe_16k
[2026-03-16 13:56:46] [health] progress step=16139 tokenizer=bpe_16k run_id=night1_bpe_16k
[2026-03-16 13:58:46] [health] progress step=16315 tokenizer=bpe_16k run_id=night1_bpe_16k
[2026-03-16 14:00:46] [health] progress step=16490 tokenizer=bpe_16k run_id=night1_bpe_16k
[2026-03-16 14:02:46] [health] progress step=16650 tokenizer=bpe_16k run_id=night1_bpe_16k
[2026-03-16 14:04:46] [health] progress step=16825 tokenizer=bpe_16k run_id=night1_bpe_16k
[2026-03-16 14:06:46] [health] progress step=16999 tokenizer=bpe_16k run_id=night1_bpe_16k
[2026-03-16 14:08:46] [health] progress step=17160 tokenizer=bpe_16k run_id=night1_bpe_16k
[2026-03-16 14:10:46] [health] progress step=17335 tokenizer=bpe_16k run_id=night1_bpe_16k
[2026-03-16 14:12:46] [health] progress step=17499 tokenizer=bpe_16k run_id=night1_bpe_16k
[2026-03-16 14:14:46] [health] progress step=17671 tokenizer=bpe_16k run_id=night1_bpe_16k
[2026-03-16 14:16:46] [health] progress step=17846 tokenizer=bpe_16k run_id=night1_bpe_16k
[2026-03-16 14:18:46] [health] waiting metrics tokenizer=bpe_32k run_id=night1_bpe_32k
[2026-03-16 14:20:46] [health] waiting metrics tokenizer=bpe_32k run_id=night1_bpe_32k
[2026-03-16 14:22:46] [health] progress step=16061 tokenizer=bpe_16k run_id=night1_bpe_16k
[2026-03-16 14:24:46] [health] progress step=16238 tokenizer=bpe_16k run_id=night1_bpe_16k
[2026-03-16 14:26:46] [health] progress step=16414 tokenizer=bpe_16k run_id=night1_bpe_16k
[2026-03-16 14:28:46] [health] progress step=16574 tokenizer=bpe_16k run_id=night1_bpe_16k
[2026-03-16 14:30:46] [health] progress step=16750 tokenizer=bpe_16k run_id=night1_bpe_16k
[2026-03-16 14:32:46] [health] progress step=16925 tokenizer=bpe_16k run_id=night1_bpe_16k
[2026-03-16 14:34:46] [health] progress step=17085 tokenizer=bpe_16k run_id=night1_bpe_16k
[2026-03-16 14:36:46] [health] progress step=17261 tokenizer=bpe_16k run_id=night1_bpe_16k
[2026-03-16 14:38:46] [health] progress step=17436 tokenizer=bpe_16k run_id=night1_bpe_16k
[2026-03-16 14:40:46] [health] progress step=17595 tokenizer=bpe_16k run_id=night1_bpe_16k
[2026-03-16 14:42:46] [health] progress step=17771 tokenizer=bpe_16k run_id=night1_bpe_16k
[2026-03-16 14:44:46] [health] progress step=17946 tokenizer=bpe_16k run_id=night1_bpe_16k
[2026-03-16 14:46:46] [health] progress step=16053 tokenizer=bpe_16k run_id=night1_bpe_16k
[2026-03-16 14:48:46] [health] progress step=16228 tokenizer=bpe_16k run_id=night1_bpe_16k
[2026-03-16 14:50:46] [health] progress step=16404 tokenizer=bpe_16k run_id=night1_bpe_16k
[2026-03-16 14:52:46] [health] progress step=16564 tokenizer=bpe_16k run_id=night1_bpe_16k
[2026-03-16 14:54:47] [health] progress step=16739 tokenizer=bpe_16k run_id=night1_bpe_16k
[2026-03-16 14:56:47] [health] progress step=16914 tokenizer=bpe_16k run_id=night1_bpe_16k
[2026-03-16 14:58:47] [health] progress step=17074 tokenizer=bpe_16k run_id=night1_bpe_16k
[2026-03-16 15:00:47] [health] progress step=17250 tokenizer=bpe_16k run_id=night1_bpe_16k
[2026-03-16 15:02:47] [health] progress step=17425 tokenizer=bpe_16k run_id=night1_bpe_16k
[2026-03-16 15:04:47] [health] progress step=17585 tokenizer=bpe_16k run_id=night1_bpe_16k
[2026-03-16 15:06:47] [health] progress step=17760 tokenizer=bpe_16k run_id=night1_bpe_16k
[2026-03-16 15:08:47] [health] progress step=17935 tokenizer=bpe_16k run_id=night1_bpe_16k
[2026-03-16 15:10:47] [health] progress step=18094 tokenizer=bpe_16k run_id=night1_bpe_16k
[2026-03-16 15:12:47] [health] progress step=18270 tokenizer=bpe_16k run_id=night1_bpe_16k
[2026-03-16 15:14:47] [health] progress step=18445 tokenizer=bpe_16k run_id=night1_bpe_16k
[2026-03-16 15:16:47] [health] progress step=18045 tokenizer=bpe_16k run_id=night1_bpe_16k
[2026-03-16 15:18:47] [health] progress step=18221 tokenizer=bpe_16k run_id=night1_bpe_16k
[2026-03-16 15:20:47] [health] progress step=18396 tokenizer=bpe_16k run_id=night1_bpe_16k
[2026-03-16 15:22:47] [health] progress step=18039 tokenizer=bpe_16k run_id=night1_bpe_16k
[2026-03-16 15:24:47] [health] progress step=18215 tokenizer=bpe_16k run_id=night1_bpe_16k
[2026-03-16 15:26:47] [health] progress step=18390 tokenizer=bpe_16k run_id=night1_bpe_16k
[2026-03-16 15:28:47] [health] progress step=18032 tokenizer=bpe_16k run_id=night1_bpe_16k
[2026-03-16 15:30:47] [health] progress step=18207 tokenizer=bpe_16k run_id=night1_bpe_16k
[2026-03-16 15:32:47] [health] progress step=18383 tokenizer=bpe_16k run_id=night1_bpe_16k
[2026-03-16 15:34:47] [health] progress step=18024 tokenizer=bpe_16k run_id=night1_bpe_16k
[2026-03-16 15:36:47] [health] progress step=18200 tokenizer=bpe_16k run_id=night1_bpe_16k
[2026-03-16 15:38:47] [health] progress step=18375 tokenizer=bpe_16k run_id=night1_bpe_16k
[2026-03-16 15:40:47] [health] progress step=18016 tokenizer=bpe_16k run_id=night1_bpe_16k
[2026-03-16 15:42:47] [health] progress step=18192 tokenizer=bpe_16k run_id=night1_bpe_16k
[2026-03-16 15:44:47] [health] progress step=18367 tokenizer=bpe_16k run_id=night1_bpe_16k
[2026-03-16 15:46:47] [health] progress step=18009 tokenizer=bpe_16k run_id=night1_bpe_16k
[2026-03-16 15:48:47] [health] progress step=18185 tokenizer=bpe_16k run_id=night1_bpe_16k
[2026-03-16 15:50:47] [health] progress step=18360 tokenizer=bpe_16k run_id=night1_bpe_16k
[2026-03-16 15:52:47] [health] progress step=18001 tokenizer=bpe_16k run_id=night1_bpe_16k
[2026-03-16 15:54:47] [health] progress step=18177 tokenizer=bpe_16k run_id=night1_bpe_16k
[2026-03-16 15:56:47] [health] progress step=18352 tokenizer=bpe_16k run_id=night1_bpe_16k
[2026-03-16 15:58:47] [health] progress step=step tokenizer=bpe_32k run_id=night1_bpe_32k
[2026-03-16 16:00:47] [health] progress step=18169 tokenizer=bpe_16k run_id=night1_bpe_16k
[2026-03-16 16:02:47] [health] progress step=18345 tokenizer=bpe_16k run_id=night1_bpe_16k
[2026-03-16 16:04:47] [health] progress step=step tokenizer=bpe_32k run_id=night1_bpe_32k
[2026-03-16 16:06:47] [health] progress step=18162 tokenizer=bpe_16k run_id=night1_bpe_16k
[2026-03-16 16:08:47] [health] progress step=18338 tokenizer=bpe_16k run_id=night1_bpe_16k
[2026-03-16 16:10:47] [health] progress step=18499 tokenizer=bpe_16k run_id=night1_bpe_16k
[2026-03-16 16:12:47] [health] progress step=18154 tokenizer=bpe_16k run_id=night1_bpe_16k
[2026-03-16 16:14:47] [health] progress step=18330 tokenizer=bpe_16k run_id=night1_bpe_16k
[2026-03-16 16:16:47] [health] progress step=18499 tokenizer=bpe_16k run_id=night1_bpe_16k
[2026-03-16 16:18:47] [health] progress step=18147 tokenizer=bpe_16k run_id=night1_bpe_16k
[2026-03-16 16:20:47] [health] progress step=18323 tokenizer=bpe_16k run_id=night1_bpe_16k
[2026-03-16 16:22:47] [health] progress step=18498 tokenizer=bpe_16k run_id=night1_bpe_16k
[2026-03-16 16:24:47] [health] progress step=18139 tokenizer=bpe_16k run_id=night1_bpe_16k
[2026-03-16 16:26:47] [health] progress step=18315 tokenizer=bpe_16k run_id=night1_bpe_16k
[2026-03-16 16:28:47] [health] progress step=18490 tokenizer=bpe_16k run_id=night1_bpe_16k
[2026-03-16 16:30:47] [health] progress step=18132 tokenizer=bpe_16k run_id=night1_bpe_16k
[2026-03-16 16:32:47] [health] progress step=18308 tokenizer=bpe_16k run_id=night1_bpe_16k
[2026-03-16 16:34:47] [health] progress step=18483 tokenizer=bpe_16k run_id=night1_bpe_16k
[2026-03-16 16:36:47] [health] progress step=18125 tokenizer=bpe_16k run_id=night1_bpe_16k
[2026-03-16 16:38:47] [health] progress step=18300 tokenizer=bpe_16k run_id=night1_bpe_16k
[2026-03-16 16:40:47] [health] progress step=18476 tokenizer=bpe_16k run_id=night1_bpe_16k
[2026-03-16 18:03:21] [health] monitor started prefix=night1 check=120s stall=20m
[2026-03-16 18:03:21] [health] progress step=18204 tokenizer=bpe_16k run_id=night1_bpe_16k
[2026-03-16 18:04:51] [health] monitor started prefix=night1 check=120s stall=20m
[2026-03-16 18:04:51] [health] progress step=97 tokenizer=bpe_32k run_id=night1_bpe_32k
[2026-03-16 18:06:51] [health] progress step=245 tokenizer=bpe_32k run_id=night1_bpe_32k
[2026-03-16 18:08:51] [health] progress step=393 tokenizer=bpe_32k run_id=night1_bpe_32k
[2026-03-16 18:10:51] [health] progress step=532 tokenizer=bpe_32k run_id=night1_bpe_32k
[2026-03-16 18:12:51] [health] progress step=679 tokenizer=bpe_32k run_id=night1_bpe_32k
[2026-03-16 18:14:51] [health] progress step=827 tokenizer=bpe_32k run_id=night1_bpe_32k
[2026-03-16 18:16:51] [health] progress step=975 tokenizer=bpe_32k run_id=night1_bpe_32k
[2026-03-16 18:18:51] [health] progress step=1113 tokenizer=bpe_32k run_id=night1_bpe_32k
[2026-03-16 18:20:51] [health] progress step=1259 tokenizer=bpe_32k run_id=night1_bpe_32k
[2026-03-16 18:22:51] [health] progress step=1406 tokenizer=bpe_32k run_id=night1_bpe_32k
[2026-03-16 18:24:51] [health] progress step=1545 tokenizer=bpe_32k run_id=night1_bpe_32k
[2026-03-16 18:26:51] [health] progress step=1693 tokenizer=bpe_32k run_id=night1_bpe_32k
[2026-03-16 18:28:51] [health] progress step=1840 tokenizer=bpe_32k run_id=night1_bpe_32k
[2026-03-16 18:30:51] [health] progress step=1987 tokenizer=bpe_32k run_id=night1_bpe_32k
[2026-03-16 18:32:51] [health] progress step=2125 tokenizer=bpe_32k run_id=night1_bpe_32k
[2026-03-16 18:34:51] [health] progress step=2273 tokenizer=bpe_32k run_id=night1_bpe_32k
[2026-03-16 18:36:51] [health] progress step=2421 tokenizer=bpe_32k run_id=night1_bpe_32k
[2026-03-16 18:38:52] [health] progress step=2560 tokenizer=bpe_32k run_id=night1_bpe_32k
[2026-03-16 18:40:52] [health] progress step=2708 tokenizer=bpe_32k run_id=night1_bpe_32k
[2026-03-16 18:42:52] [health] progress step=2855 tokenizer=bpe_32k run_id=night1_bpe_32k
[2026-03-16 18:44:52] [health] progress step=2999 tokenizer=bpe_32k run_id=night1_bpe_32k
[2026-03-16 18:46:52] [health] progress step=3142 tokenizer=bpe_32k run_id=night1_bpe_32k
[2026-03-16 18:48:52] [health] progress step=3290 tokenizer=bpe_32k run_id=night1_bpe_32k
[2026-03-16 18:50:52] [health] progress step=3436 tokenizer=bpe_32k run_id=night1_bpe_32k
[2026-03-16 18:52:52] [health] progress step=3575 tokenizer=bpe_32k run_id=night1_bpe_32k
[2026-03-16 18:54:52] [health] progress step=3722 tokenizer=bpe_32k run_id=night1_bpe_32k
[2026-03-16 18:56:52] [health] progress step=3869 tokenizer=bpe_32k run_id=night1_bpe_32k
[2026-03-16 18:58:52] [health] progress step=4007 tokenizer=bpe_32k run_id=night1_bpe_32k
[2026-03-16 19:00:52] [health] progress step=4154 tokenizer=bpe_32k run_id=night1_bpe_32k
[2026-03-16 19:02:52] [health] progress step=4301 tokenizer=bpe_32k run_id=night1_bpe_32k
[2026-03-16 19:04:52] [health] progress step=4448 tokenizer=bpe_32k run_id=night1_bpe_32k
[2026-03-16 19:06:52] [health] progress step=4583 tokenizer=bpe_32k run_id=night1_bpe_32k
[2026-03-16 19:08:52] [health] progress step=4723 tokenizer=bpe_32k run_id=night1_bpe_32k
[2026-03-16 19:10:52] [health] progress step=4859 tokenizer=bpe_32k run_id=night1_bpe_32k
[2026-03-16 19:12:52] [health] progress step=4991 tokenizer=bpe_32k run_id=night1_bpe_32k
[2026-03-16 19:14:52] [health] progress step=5112 tokenizer=bpe_32k run_id=night1_bpe_32k
[2026-03-16 19:16:52] [health] progress step=5259 tokenizer=bpe_32k run_id=night1_bpe_32k
[2026-03-16 19:18:52] [health] progress step=5407 tokenizer=bpe_32k run_id=night1_bpe_32k
[2026-03-16 19:20:52] [health] progress step=5547 tokenizer=bpe_32k run_id=night1_bpe_32k
[2026-03-16 19:22:52] [health] progress step=5694 tokenizer=bpe_32k run_id=night1_bpe_32k
[2026-03-16 19:24:52] [health] progress step=5842 tokenizer=bpe_32k run_id=night1_bpe_32k
[2026-03-16 19:26:52] [health] progress step=5990 tokenizer=bpe_32k run_id=night1_bpe_32k
[2026-03-16 19:28:52] [health] progress step=6129 tokenizer=bpe_32k run_id=night1_bpe_32k
[2026-03-16 19:30:52] [health] progress step=6278 tokenizer=bpe_32k run_id=night1_bpe_32k
[2026-03-16 19:32:52] [health] progress step=6426 tokenizer=bpe_32k run_id=night1_bpe_32k
[2026-03-16 19:34:52] [health] progress step=6565 tokenizer=bpe_32k run_id=night1_bpe_32k
[2026-03-16 19:36:52] [health] progress step=6714 tokenizer=bpe_32k run_id=night1_bpe_32k
[2026-03-16 19:38:52] [health] progress step=6862 tokenizer=bpe_32k run_id=night1_bpe_32k
[2026-03-16 19:40:52] [health] progress step=7001 tokenizer=bpe_32k run_id=night1_bpe_32k
[2026-03-16 19:42:53] [health] progress step=7149 tokenizer=bpe_32k run_id=night1_bpe_32k
[2026-03-16 19:44:53] [health] progress step=7298 tokenizer=bpe_32k run_id=night1_bpe_32k
[2026-03-16 19:46:53] [health] progress step=7446 tokenizer=bpe_32k run_id=night1_bpe_32k
[2026-03-16 19:48:53] [health] progress step=7586 tokenizer=bpe_32k run_id=night1_bpe_32k
[2026-03-16 19:50:53] [health] progress step=7735 tokenizer=bpe_32k run_id=night1_bpe_32k
[2026-03-16 19:52:53] [health] progress step=7883 tokenizer=bpe_32k run_id=night1_bpe_32k
[2026-03-16 19:54:53] [health] progress step=8022 tokenizer=bpe_32k run_id=night1_bpe_32k
[2026-03-16 19:56:53] [health] progress step=8171 tokenizer=bpe_32k run_id=night1_bpe_32k
[2026-03-16 19:58:53] [health] progress step=8319 tokenizer=bpe_32k run_id=night1_bpe_32k
[2026-03-16 20:00:53] [health] progress step=8467 tokenizer=bpe_32k run_id=night1_bpe_32k
[2026-03-16 20:02:53] [health] progress step=8608 tokenizer=bpe_32k run_id=night1_bpe_32k
[2026-03-16 20:04:53] [health] progress step=8756 tokenizer=bpe_32k run_id=night1_bpe_32k
[2026-03-16 20:06:53] [health] progress step=8904 tokenizer=bpe_32k run_id=night1_bpe_32k
[2026-03-16 20:08:53] [health] progress step=9042 tokenizer=bpe_32k run_id=night1_bpe_32k
[2026-03-16 20:10:53] [health] progress step=9188 tokenizer=bpe_32k run_id=night1_bpe_32k
[2026-03-16 20:12:53] [health] progress step=9335 tokenizer=bpe_32k run_id=night1_bpe_32k
[2026-03-16 20:14:53] [health] progress step=9482 tokenizer=bpe_32k run_id=night1_bpe_32k
[2026-03-16 20:16:53] [health] progress step=9621 tokenizer=bpe_32k run_id=night1_bpe_32k
[2026-03-16 20:18:53] [health] progress step=9768 tokenizer=bpe_32k run_id=night1_bpe_32k
[2026-03-16 20:20:53] [health] progress step=9915 tokenizer=bpe_32k run_id=night1_bpe_32k
[2026-03-16 20:22:53] [health] progress step=10051 tokenizer=bpe_32k run_id=night1_bpe_32k
[2026-03-16 20:24:53] [health] progress step=10198 tokenizer=bpe_32k run_id=night1_bpe_32k
[2026-03-16 20:26:53] [health] progress step=10345 tokenizer=bpe_32k run_id=night1_bpe_32k
[2026-03-16 20:28:53] [health] progress step=10488 tokenizer=bpe_32k run_id=night1_bpe_32k
[2026-03-16 20:30:53] [health] progress step=10626 tokenizer=bpe_32k run_id=night1_bpe_32k
[2026-03-16 20:32:53] [health] progress step=10772 tokenizer=bpe_32k run_id=night1_bpe_32k
[2026-03-16 20:34:53] [health] progress step=10916 tokenizer=bpe_32k run_id=night1_bpe_32k
[2026-03-16 20:36:53] [health] progress step=11045 tokenizer=bpe_32k run_id=night1_bpe_32k
[2026-03-16 20:38:54] [health] progress step=11184 tokenizer=bpe_32k run_id=night1_bpe_32k
[2026-03-16 20:40:54] [health] progress step=11327 tokenizer=bpe_32k run_id=night1_bpe_32k
[2026-03-16 20:42:54] [health] progress step=11472 tokenizer=bpe_32k run_id=night1_bpe_32k
[2026-03-16 20:44:54] [health] progress step=11611 tokenizer=bpe_32k run_id=night1_bpe_32k
[2026-03-16 20:46:54] [health] progress step=11757 tokenizer=bpe_32k run_id=night1_bpe_32k
[2026-03-16 20:48:54] [health] progress step=11901 tokenizer=bpe_32k run_id=night1_bpe_32k
[2026-03-16 20:50:54] [health] progress step=12033 tokenizer=bpe_32k run_id=night1_bpe_32k
[2026-03-16 20:52:54] [health] progress step=12178 tokenizer=bpe_32k run_id=night1_bpe_32k
[2026-03-16 20:54:54] [health] progress step=12323 tokenizer=bpe_32k run_id=night1_bpe_32k
[2026-03-16 20:56:54] [health] progress step=12467 tokenizer=bpe_32k run_id=night1_bpe_32k
[2026-03-16 20:58:54] [health] progress step=12605 tokenizer=bpe_32k run_id=night1_bpe_32k
[2026-03-16 21:00:54] [health] progress step=12751 tokenizer=bpe_32k run_id=night1_bpe_32k
[2026-03-16 21:02:54] [health] progress step=12897 tokenizer=bpe_32k run_id=night1_bpe_32k
[2026-03-16 21:04:54] [health] progress step=13032 tokenizer=bpe_32k run_id=night1_bpe_32k
[2026-03-16 21:06:54] [health] progress step=13177 tokenizer=bpe_32k run_id=night1_bpe_32k
[2026-03-16 21:08:54] [health] progress step=13325 tokenizer=bpe_32k run_id=night1_bpe_32k
[2026-03-16 21:10:54] [health] progress step=13473 tokenizer=bpe_32k run_id=night1_bpe_32k
[2026-03-16 21:12:54] [health] progress step=13614 tokenizer=bpe_32k run_id=night1_bpe_32k
[2026-03-16 21:14:54] [health] progress step=13762 tokenizer=bpe_32k run_id=night1_bpe_32k
[2026-03-16 21:16:55] [health] progress step=13910 tokenizer=bpe_32k run_id=night1_bpe_32k
[2026-03-16 21:18:55] [health] progress step=14049 tokenizer=bpe_32k run_id=night1_bpe_32k
[2026-03-16 21:20:55] [health] progress step=14197 tokenizer=bpe_32k run_id=night1_bpe_32k
[2026-03-16 21:22:55] [health] progress step=14345 tokenizer=bpe_32k run_id=night1_bpe_32k
[2026-03-16 21:24:55] [health] progress step=14493 tokenizer=bpe_32k run_id=night1_bpe_32k
[2026-03-16 21:26:55] [health] queue completed, monitor exiting
